mode: set
github.com/malikbenkirane/go-france/loader.go:14.36,14.59 1 1
github.com/malikbenkirane/go-france/loader.go:20.41,22.16 2 1
github.com/malikbenkirane/go-france/loader.go:22.16,24.3 1 0
github.com/malikbenkirane/go-france/loader.go:25.2,29.30 2 1
github.com/malikbenkirane/go-france/loader.go:29.30,31.17 2 1
github.com/malikbenkirane/go-france/loader.go:31.17,33.4 1 0
github.com/malikbenkirane/go-france/loader.go:34.3,35.23 2 1
github.com/malikbenkirane/go-france/loader.go:37.2,37.21 1 1
github.com/malikbenkirane/go-france/names.gen.go:3.66,5.27 2 1
github.com/malikbenkirane/go-france/names.gen.go:5.27,7.3 1 1
github.com/malikbenkirane/go-france/names.gen.go:8.2,22.8 5 1
github.com/malikbenkirane/go-france/nameset.go:21.36,26.2 1 1
github.com/malikbenkirane/go-france/nameset.go:30.50,31.31 1 1
github.com/malikbenkirane/go-france/nameset.go:31.31,34.3 2 1
github.com/malikbenkirane/go-france/nameset.go:37.51,38.31 1 0
github.com/malikbenkirane/go-france/nameset.go:38.31,41.3 2 0
github.com/malikbenkirane/go-france/nameset.go:44.66,48.16 4 1
github.com/malikbenkirane/go-france/nameset.go:48.16,50.3 1 0
github.com/malikbenkirane/go-france/nameset.go:51.2,52.27 2 1
github.com/malikbenkirane/go-france/nameset.go:52.27,54.3 1 1
github.com/malikbenkirane/go-france/nameset.go:55.2,55.16 1 1
github.com/malikbenkirane/go-france/nameset.go:66.39,70.32 4 1
github.com/malikbenkirane/go-france/nameset.go:70.32,73.68 2 1
github.com/malikbenkirane/go-france/nameset.go:73.68,74.9 1 1
github.com/malikbenkirane/go-france/nameset.go:77.2,77.19 1 1
github.com/malikbenkirane/go-france/nameset.go:80.34,82.2 1 1
github.com/malikbenkirane/go-france/nameset.go:84.63,86.2 1 0
github.com/malikbenkirane/go-france/static.go:5.57,7.2 1 1
