mode: set
github.com/malikbenkirane/go-france/loader.go:14.36,14.59 1 1
github.com/malikbenkirane/go-france/loader.go:20.41,22.16 2 1
github.com/malikbenkirane/go-france/loader.go:22.16,24.3 1 0
github.com/malikbenkirane/go-france/loader.go:25.2,29.30 2 1
github.com/malikbenkirane/go-france/loader.go:29.30,31.17 2 1
github.com/malikbenkirane/go-france/loader.go:31.17,33.4 1 0
github.com/malikbenkirane/go-france/loader.go:34.3,35.23 2 1
github.com/malikbenkirane/go-france/loader.go:37.2,37.21 1 1
github.com/malikbenkirane/go-france/nameset.go:20.36,25.2 1 1
github.com/malikbenkirane/go-france/nameset.go:29.50,30.31 1 0
github.com/malikbenkirane/go-france/nameset.go:30.31,33.3 2 0
github.com/malikbenkirane/go-france/nameset.go:36.51,37.31 1 0
github.com/malikbenkirane/go-france/nameset.go:37.31,40.3 2 0
github.com/malikbenkirane/go-france/nameset.go:43.66,47.16 4 1
github.com/malikbenkirane/go-france/nameset.go:47.16,49.3 1 0
github.com/malikbenkirane/go-france/nameset.go:50.2,51.27 2 1
github.com/malikbenkirane/go-france/nameset.go:51.27,53.3 1 0
github.com/malikbenkirane/go-france/nameset.go:54.2,54.16 1 1
github.com/malikbenkirane/go-france/nameset.go:65.39,69.32 4 1
github.com/malikbenkirane/go-france/nameset.go:69.32,72.68 2 1
github.com/malikbenkirane/go-france/nameset.go:72.68,73.9 1 1
github.com/malikbenkirane/go-france/nameset.go:76.2,76.19 1 1
github.com/malikbenkirane/go-france/nameset.go:79.34,81.2 1 1
